<?xml version="1.0" encoding="UTF-8"?>
<coverage generated="1762753480734" clover="3.2.0">
  <project timestamp="1762753480734" name="All files">
    <metrics statements="83" coveredstatements="83" conditionals="68" coveredconditionals="67" methods="20" coveredmethods="20" elements="171" coveredelements="170" complexity="0" loc="83" ncloc="83" packages="1" files="1" classes="1"/>
    <file name="Graph.js" path="C:\Users\yhgpe\IdeaProjects\Java and JavaScript Programming Procedures\src\graph\Graph.js">
      <metrics statements="83" coveredstatements="83" conditionals="68" coveredconditionals="67" methods="20" coveredmethods="20"/>
      <line num="7" count="58" type="stmt"/>
      <line num="8" count="58" type="stmt"/>
      <line num="17" count="164" type="cond" truecount="4" falsecount="0"/>
      <line num="18" count="6" type="stmt"/>
      <line num="21" count="158" type="stmt"/>
      <line num="22" count="158" type="cond" truecount="2" falsecount="0"/>
      <line num="23" count="1" type="stmt"/>
      <line num="26" count="157" type="cond" truecount="2" falsecount="0"/>
      <line num="27" count="1" type="stmt"/>
      <line num="30" count="156" type="stmt"/>
      <line num="44" count="88" type="cond" truecount="4" falsecount="0"/>
      <line num="45" count="2" type="stmt"/>
      <line num="48" count="86" type="cond" truecount="4" falsecount="0"/>
      <line num="49" count="3" type="stmt"/>
      <line num="52" count="83" type="cond" truecount="4" falsecount="0"/>
      <line num="53" count="2" type="stmt"/>
      <line num="56" count="81" type="stmt"/>
      <line num="57" count="81" type="stmt"/>
      <line num="59" count="81" type="cond" truecount="2" falsecount="0"/>
      <line num="60" count="1" type="stmt"/>
      <line num="63" count="80" type="cond" truecount="2" falsecount="0"/>
      <line num="64" count="1" type="stmt"/>
      <line num="67" count="79" type="cond" truecount="2" falsecount="0"/>
      <line num="68" count="1" type="stmt"/>
      <line num="71" count="78" type="stmt"/>
      <line num="72" count="78" type="cond" truecount="2" falsecount="0"/>
      <line num="73" count="1" type="stmt"/>
      <line num="77" count="77" type="stmt"/>
      <line num="84" count="77" type="stmt"/>
      <line num="89" count="77" type="stmt"/>
      <line num="103" count="16" type="cond" truecount="4" falsecount="0"/>
      <line num="104" count="2" type="stmt"/>
      <line num="107" count="14" type="cond" truecount="4" falsecount="0"/>
      <line num="108" count="3" type="stmt"/>
      <line num="111" count="11" type="stmt"/>
      <line num="112" count="11" type="cond" truecount="2" falsecount="0"/>
      <line num="113" count="1" type="stmt"/>
      <line num="116" count="10" type="stmt"/>
      <line num="117" count="10" type="stmt"/>
      <line num="118" count="21" type="stmt"/>
      <line num="119" count="8" type="stmt"/>
      <line num="120" count="12" type="stmt"/>
      <line num="133" count="11" type="cond" truecount="4" falsecount="0"/>
      <line num="134" count="2" type="stmt"/>
      <line num="137" count="9" type="stmt"/>
      <line num="138" count="9" type="stmt"/>
      <line num="140" count="9" type="cond" truecount="4" falsecount="0"/>
      <line num="141" count="1" type="stmt"/>
      <line num="144" count="8" type="stmt"/>
      <line num="145" count="8" type="stmt"/>
      <line num="147" count="8" type="cond" truecount="2" falsecount="0"/>
      <line num="155" count="4" type="stmt"/>
      <line num="164" count="8" type="cond" truecount="4" falsecount="0"/>
      <line num="165" count="3" type="stmt"/>
      <line num="168" count="5" type="stmt"/>
      <line num="169" count="5" type="stmt"/>
      <line num="171" count="5" type="cond" truecount="2" falsecount="0"/>
      <line num="180" count="8" type="cond" truecount="4" falsecount="0"/>
      <line num="181" count="3" type="stmt"/>
      <line num="183" count="5" type="stmt"/>
      <line num="192" count="6" type="cond" truecount="4" falsecount="0"/>
      <line num="193" count="3" type="stmt"/>
      <line num="196" count="3" type="stmt"/>
      <line num="197" count="3" type="cond" truecount="2" falsecount="0"/>
      <line num="198" count="1" type="stmt"/>
      <line num="202" count="2" type="stmt"/>
      <line num="203" count="2" type="stmt"/>
      <line num="204" count="2" type="stmt"/>
      <line num="205" count="2" type="stmt"/>
      <line num="208" count="2" type="stmt"/>
      <line num="209" count="2" type="cond" truecount="1" falsecount="1"/>
      <line num="210" count="2" type="stmt"/>
      <line num="211" count="2" type="stmt"/>
      <line num="216" count="2" type="stmt"/>
      <line num="217" count="2" type="stmt"/>
      <line num="225" count="7" type="stmt"/>
      <line num="233" count="5" type="stmt"/>
      <line num="240" count="1" type="stmt"/>
      <line num="241" count="1" type="stmt"/>
      <line num="249" count="2" type="stmt"/>
      <line num="250" count="2" type="stmt"/>
      <line num="263" count="88" type="cond" truecount="2" falsecount="0"/>
      <line num="267" count="1" type="stmt"/>
    </file>
  </project>
</coverage>
