{"C:\\Users\\yhgpe\\IdeaProjects\\Java and JavaScript Programming Procedures\\src\\graph\\Graph.js": {"path":"C:\\Users\\yhgpe\\IdeaProjects\\Java and JavaScript Programming Procedures\\src\\graph\\Graph.js","statementMap":{"0":{"start":{"line":7,"column":4},"end":{"line":7,"column":28}},"1":{"start":{"line":8,"column":4},"end":{"line":8,"column":27}},"2":{"start":{"line":17,"column":4},"end":{"line":19,"column":5}},"3":{"start":{"line":18,"column":6},"end":{"line":18,"column":62}},"4":{"start":{"line":21,"column":27},"end":{"line":21,"column":42}},"5":{"start":{"line":22,"column":4},"end":{"line":24,"column":5}},"6":{"start":{"line":23,"column":6},"end":{"line":23,"column":65}},"7":{"start":{"line":26,"column":4},"end":{"line":28,"column":5}},"8":{"start":{"line":27,"column":6},"end":{"line":27,"column":65}},"9":{"start":{"line":30,"column":4},"end":{"line":33,"column":7}},"10":{"start":{"line":44,"column":4},"end":{"line":46,"column":5}},"11":{"start":{"line":45,"column":6},"end":{"line":45,"column":54}},"12":{"start":{"line":48,"column":4},"end":{"line":50,"column":5}},"13":{"start":{"line":49,"column":6},"end":{"line":49,"column":60}},"14":{"start":{"line":52,"column":4},"end":{"line":54,"column":5}},"15":{"start":{"line":53,"column":6},"end":{"line":53,"column":64}},"16":{"start":{"line":56,"column":28},"end":{"line":56,"column":40}},"17":{"start":{"line":57,"column":28},"end":{"line":57,"column":40}},"18":{"start":{"line":59,"column":4},"end":{"line":61,"column":5}},"19":{"start":{"line":60,"column":6},"end":{"line":60,"column":66}},"20":{"start":{"line":63,"column":4},"end":{"line":65,"column":5}},"21":{"start":{"line":64,"column":6},"end":{"line":64,"column":66}},"22":{"start":{"line":67,"column":4},"end":{"line":69,"column":5}},"23":{"start":{"line":68,"column":6},"end":{"line":68,"column":67}},"24":{"start":{"line":71,"column":20},"end":{"line":71,"column":69}},"25":{"start":{"line":72,"column":4},"end":{"line":74,"column":5}},"26":{"start":{"line":73,"column":6},"end":{"line":73,"column":103}},"27":{"start":{"line":77,"column":4},"end":{"line":81,"column":7}},"28":{"start":{"line":84,"column":4},"end":{"line":87,"column":7}},"29":{"start":{"line":89,"column":4},"end":{"line":92,"column":7}},"30":{"start":{"line":103,"column":4},"end":{"line":105,"column":5}},"31":{"start":{"line":104,"column":6},"end":{"line":104,"column":62}},"32":{"start":{"line":107,"column":4},"end":{"line":109,"column":5}},"33":{"start":{"line":108,"column":6},"end":{"line":108,"column":68}},"34":{"start":{"line":111,"column":27},"end":{"line":111,"column":42}},"35":{"start":{"line":112,"column":4},"end":{"line":114,"column":5}},"36":{"start":{"line":113,"column":6},"end":{"line":113,"column":65}},"37":{"start":{"line":116,"column":17},"end":{"line":116,"column":48}},"38":{"start":{"line":117,"column":4},"end":{"line":123,"column":10}},"39":{"start":{"line":118,"column":22},"end":{"line":118,"column":50}},"40":{"start":{"line":119,"column":22},"end":{"line":119,"column":45}},"41":{"start":{"line":120,"column":20},"end":{"line":123,"column":7}},"42":{"start":{"line":133,"column":4},"end":{"line":135,"column":5}},"43":{"start":{"line":134,"column":6},"end":{"line":134,"column":18}},"44":{"start":{"line":137,"column":28},"end":{"line":137,"column":40}},"45":{"start":{"line":138,"column":28},"end":{"line":138,"column":40}},"46":{"start":{"line":140,"column":4},"end":{"line":142,"column":5}},"47":{"start":{"line":141,"column":6},"end":{"line":141,"column":18}},"48":{"start":{"line":144,"column":20},"end":{"line":144,"column":69}},"49":{"start":{"line":145,"column":17},"end":{"line":145,"column":40}},"50":{"start":{"line":147,"column":4},"end":{"line":147,"column":39}},"51":{"start":{"line":155,"column":4},"end":{"line":155,"column":42}},"52":{"start":{"line":164,"column":4},"end":{"line":166,"column":5}},"53":{"start":{"line":165,"column":6},"end":{"line":165,"column":16}},"54":{"start":{"line":168,"column":27},"end":{"line":168,"column":42}},"55":{"start":{"line":169,"column":17},"end":{"line":169,"column":48}},"56":{"start":{"line":171,"column":4},"end":{"line":171,"column":45}},"57":{"start":{"line":180,"column":4},"end":{"line":182,"column":5}},"58":{"start":{"line":181,"column":6},"end":{"line":181,"column":19}},"59":{"start":{"line":183,"column":4},"end":{"line":183,"column":44}},"60":{"start":{"line":192,"column":4},"end":{"line":194,"column":5}},"61":{"start":{"line":193,"column":6},"end":{"line":193,"column":19}},"62":{"start":{"line":196,"column":27},"end":{"line":196,"column":42}},"63":{"start":{"line":197,"column":4},"end":{"line":199,"column":5}},"64":{"start":{"line":198,"column":6},"end":{"line":198,"column":19}},"65":{"start":{"line":202,"column":17},"end":{"line":202,"column":48}},"66":{"start":{"line":203,"column":4},"end":{"line":214,"column":7}},"67":{"start":{"line":204,"column":22},"end":{"line":204,"column":64}},"68":{"start":{"line":205,"column":6},"end":{"line":205,"column":33}},"69":{"start":{"line":208,"column":24},"end":{"line":208,"column":50}},"70":{"start":{"line":209,"column":6},"end":{"line":213,"column":7}},"71":{"start":{"line":210,"column":8},"end":{"line":212,"column":10}},"72":{"start":{"line":211,"column":15},"end":{"line":211,"column":40}},"73":{"start":{"line":216,"column":4},"end":{"line":216,"column":39}},"74":{"start":{"line":217,"column":4},"end":{"line":217,"column":16}},"75":{"start":{"line":225,"column":4},"end":{"line":225,"column":28}},"76":{"start":{"line":233,"column":4},"end":{"line":233,"column":27}},"77":{"start":{"line":240,"column":4},"end":{"line":240,"column":24}},"78":{"start":{"line":241,"column":4},"end":{"line":241,"column":23}},"79":{"start":{"line":249,"column":4},"end":{"line":255,"column":6}},"80":{"start":{"line":250,"column":60},"end":{"line":253,"column":7}},"81":{"start":{"line":263,"column":4},"end":{"line":263,"column":69}},"82":{"start":{"line":267,"column":0},"end":{"line":267,"column":23}}},"fnMap":{"0":{"name":"(anonymous_0)","decl":{"start":{"line":6,"column":2},"end":{"line":6,"column":3}},"loc":{"start":{"line":6,"column":16},"end":{"line":9,"column":3}},"line":6},"1":{"name":"(anonymous_1)","decl":{"start":{"line":16,"column":2},"end":{"line":16,"column":3}},"loc":{"start":{"line":16,"column":20},"end":{"line":34,"column":3}},"line":16},"2":{"name":"(anonymous_2)","decl":{"start":{"line":43,"column":2},"end":{"line":43,"column":3}},"loc":{"start":{"line":43,"column":38},"end":{"line":93,"column":3}},"line":43},"3":{"name":"(anonymous_3)","decl":{"start":{"line":102,"column":2},"end":{"line":102,"column":3}},"loc":{"start":{"line":102,"column":41},"end":{"line":124,"column":3}},"line":102},"4":{"name":"(anonymous_4)","decl":{"start":{"line":118,"column":14},"end":{"line":118,"column":15}},"loc":{"start":{"line":118,"column":22},"end":{"line":118,"column":50}},"line":118},"5":{"name":"(anonymous_5)","decl":{"start":{"line":119,"column":12},"end":{"line":119,"column":13}},"loc":{"start":{"line":119,"column":22},"end":{"line":119,"column":45}},"line":119},"6":{"name":"(anonymous_6)","decl":{"start":{"line":120,"column":11},"end":{"line":120,"column":12}},"loc":{"start":{"line":120,"column":20},"end":{"line":123,"column":7}},"line":120},"7":{"name":"(anonymous_7)","decl":{"start":{"line":132,"column":2},"end":{"line":132,"column":3}},"loc":{"start":{"line":132,"column":28},"end":{"line":148,"column":3}},"line":132},"8":{"name":"(anonymous_8)","decl":{"start":{"line":154,"column":2},"end":{"line":154,"column":3}},"loc":{"start":{"line":154,"column":17},"end":{"line":156,"column":3}},"line":154},"9":{"name":"(anonymous_9)","decl":{"start":{"line":163,"column":2},"end":{"line":163,"column":3}},"loc":{"start":{"line":163,"column":31},"end":{"line":172,"column":3}},"line":163},"10":{"name":"(anonymous_10)","decl":{"start":{"line":179,"column":2},"end":{"line":179,"column":3}},"loc":{"start":{"line":179,"column":20},"end":{"line":184,"column":3}},"line":179},"11":{"name":"(anonymous_11)","decl":{"start":{"line":191,"column":2},"end":{"line":191,"column":3}},"loc":{"start":{"line":191,"column":23},"end":{"line":218,"column":3}},"line":191},"12":{"name":"(anonymous_12)","decl":{"start":{"line":203,"column":29},"end":{"line":203,"column":30}},"loc":{"start":{"line":203,"column":37},"end":{"line":214,"column":5}},"line":203},"13":{"name":"(anonymous_13)","decl":{"start":{"line":211,"column":10},"end":{"line":211,"column":11}},"loc":{"start":{"line":211,"column":15},"end":{"line":211,"column":40}},"line":211},"14":{"name":"(anonymous_14)","decl":{"start":{"line":224,"column":2},"end":{"line":224,"column":3}},"loc":{"start":{"line":224,"column":17},"end":{"line":226,"column":3}},"line":224},"15":{"name":"(anonymous_15)","decl":{"start":{"line":232,"column":2},"end":{"line":232,"column":3}},"loc":{"start":{"line":232,"column":17},"end":{"line":234,"column":3}},"line":232},"16":{"name":"(anonymous_16)","decl":{"start":{"line":239,"column":2},"end":{"line":239,"column":3}},"loc":{"start":{"line":239,"column":10},"end":{"line":242,"column":3}},"line":239},"17":{"name":"(anonymous_17)","decl":{"start":{"line":248,"column":2},"end":{"line":248,"column":3}},"loc":{"start":{"line":248,"column":11},"end":{"line":256,"column":3}},"line":248},"18":{"name":"(anonymous_18)","decl":{"start":{"line":250,"column":51},"end":{"line":250,"column":52}},"loc":{"start":{"line":250,"column":60},"end":{"line":253,"column":7}},"line":250},"19":{"name":"(anonymous_19)","decl":{"start":{"line":262,"column":2},"end":{"line":262,"column":3}},"loc":{"start":{"line":262,"column":27},"end":{"line":264,"column":3}},"line":262}},"branchMap":{"0":{"loc":{"start":{"line":17,"column":4},"end":{"line":19,"column":5}},"type":"if","locations":[{"start":{"line":17,"column":4},"end":{"line":19,"column":5}},{"start":{},"end":{}}],"line":17},"1":{"loc":{"start":{"line":17,"column":8},"end":{"line":17,"column":49}},"type":"binary-expr","locations":[{"start":{"line":17,"column":8},"end":{"line":17,"column":17}},{"start":{"line":17,"column":21},"end":{"line":17,"column":49}}],"line":17},"2":{"loc":{"start":{"line":22,"column":4},"end":{"line":24,"column":5}},"type":"if","locations":[{"start":{"line":22,"column":4},"end":{"line":24,"column":5}},{"start":{},"end":{}}],"line":22},"3":{"loc":{"start":{"line":26,"column":4},"end":{"line":28,"column":5}},"type":"if","locations":[{"start":{"line":26,"column":4},"end":{"line":28,"column":5}},{"start":{},"end":{}}],"line":26},"4":{"loc":{"start":{"line":44,"column":4},"end":{"line":46,"column":5}},"type":"if","locations":[{"start":{"line":44,"column":4},"end":{"line":46,"column":5}},{"start":{},"end":{}}],"line":44},"5":{"loc":{"start":{"line":44,"column":8},"end":{"line":44,"column":24}},"type":"binary-expr","locations":[{"start":{"line":44,"column":8},"end":{"line":44,"column":14}},{"start":{"line":44,"column":18},"end":{"line":44,"column":24}}],"line":44},"6":{"loc":{"start":{"line":48,"column":4},"end":{"line":50,"column":5}},"type":"if","locations":[{"start":{"line":48,"column":4},"end":{"line":50,"column":5}},{"start":{},"end":{}}],"line":48},"7":{"loc":{"start":{"line":48,"column":8},"end":{"line":48,"column":53}},"type":"binary-expr","locations":[{"start":{"line":48,"column":8},"end":{"line":48,"column":36}},{"start":{"line":48,"column":40},"end":{"line":48,"column":53}}],"line":48},"8":{"loc":{"start":{"line":52,"column":4},"end":{"line":54,"column":5}},"type":"if","locations":[{"start":{"line":52,"column":4},"end":{"line":54,"column":5}},{"start":{},"end":{}}],"line":52},"9":{"loc":{"start":{"line":52,"column":8},"end":{"line":52,"column":46}},"type":"binary-expr","locations":[{"start":{"line":52,"column":8},"end":{"line":52,"column":23}},{"start":{"line":52,"column":27},"end":{"line":52,"column":46}}],"line":52},"10":{"loc":{"start":{"line":59,"column":4},"end":{"line":61,"column":5}},"type":"if","locations":[{"start":{"line":59,"column":4},"end":{"line":61,"column":5}},{"start":{},"end":{}}],"line":59},"11":{"loc":{"start":{"line":63,"column":4},"end":{"line":65,"column":5}},"type":"if","locations":[{"start":{"line":63,"column":4},"end":{"line":65,"column":5}},{"start":{},"end":{}}],"line":63},"12":{"loc":{"start":{"line":67,"column":4},"end":{"line":69,"column":5}},"type":"if","locations":[{"start":{"line":67,"column":4},"end":{"line":69,"column":5}},{"start":{},"end":{}}],"line":67},"13":{"loc":{"start":{"line":72,"column":4},"end":{"line":74,"column":5}},"type":"if","locations":[{"start":{"line":72,"column":4},"end":{"line":74,"column":5}},{"start":{},"end":{}}],"line":72},"14":{"loc":{"start":{"line":103,"column":4},"end":{"line":105,"column":5}},"type":"if","locations":[{"start":{"line":103,"column":4},"end":{"line":105,"column":5}},{"start":{},"end":{}}],"line":103},"15":{"loc":{"start":{"line":103,"column":8},"end":{"line":103,"column":49}},"type":"binary-expr","locations":[{"start":{"line":103,"column":8},"end":{"line":103,"column":17}},{"start":{"line":103,"column":21},"end":{"line":103,"column":49}}],"line":103},"16":{"loc":{"start":{"line":107,"column":4},"end":{"line":109,"column":5}},"type":"if","locations":[{"start":{"line":107,"column":4},"end":{"line":109,"column":5}},{"start":{},"end":{}}],"line":107},"17":{"loc":{"start":{"line":107,"column":8},"end":{"line":107,"column":59}},"type":"binary-expr","locations":[{"start":{"line":107,"column":8},"end":{"line":107,"column":39}},{"start":{"line":107,"column":43},"end":{"line":107,"column":59}}],"line":107},"18":{"loc":{"start":{"line":112,"column":4},"end":{"line":114,"column":5}},"type":"if","locations":[{"start":{"line":112,"column":4},"end":{"line":114,"column":5}},{"start":{},"end":{}}],"line":112},"19":{"loc":{"start":{"line":133,"column":4},"end":{"line":135,"column":5}},"type":"if","locations":[{"start":{"line":133,"column":4},"end":{"line":135,"column":5}},{"start":{},"end":{}}],"line":133},"20":{"loc":{"start":{"line":133,"column":8},"end":{"line":133,"column":24}},"type":"binary-expr","locations":[{"start":{"line":133,"column":8},"end":{"line":133,"column":14}},{"start":{"line":133,"column":18},"end":{"line":133,"column":24}}],"line":133},"21":{"loc":{"start":{"line":140,"column":4},"end":{"line":142,"column":5}},"type":"if","locations":[{"start":{"line":140,"column":4},"end":{"line":142,"column":5}},{"start":{},"end":{}}],"line":140},"22":{"loc":{"start":{"line":140,"column":8},"end":{"line":140,"column":78}},"type":"binary-expr","locations":[{"start":{"line":140,"column":8},"end":{"line":140,"column":41}},{"start":{"line":140,"column":45},"end":{"line":140,"column":78}}],"line":140},"23":{"loc":{"start":{"line":147,"column":11},"end":{"line":147,"column":38}},"type":"cond-expr","locations":[{"start":{"line":147,"column":18},"end":{"line":147,"column":31}},{"start":{"line":147,"column":34},"end":{"line":147,"column":38}}],"line":147},"24":{"loc":{"start":{"line":164,"column":4},"end":{"line":166,"column":5}},"type":"if","locations":[{"start":{"line":164,"column":4},"end":{"line":166,"column":5}},{"start":{},"end":{}}],"line":164},"25":{"loc":{"start":{"line":164,"column":8},"end":{"line":164,"column":49}},"type":"binary-expr","locations":[{"start":{"line":164,"column":8},"end":{"line":164,"column":17}},{"start":{"line":164,"column":21},"end":{"line":164,"column":49}}],"line":164},"26":{"loc":{"start":{"line":171,"column":11},"end":{"line":171,"column":44}},"type":"cond-expr","locations":[{"start":{"line":171,"column":18},"end":{"line":171,"column":39}},{"start":{"line":171,"column":42},"end":{"line":171,"column":44}}],"line":171},"27":{"loc":{"start":{"line":180,"column":4},"end":{"line":182,"column":5}},"type":"if","locations":[{"start":{"line":180,"column":4},"end":{"line":182,"column":5}},{"start":{},"end":{}}],"line":180},"28":{"loc":{"start":{"line":180,"column":8},"end":{"line":180,"column":49}},"type":"binary-expr","locations":[{"start":{"line":180,"column":8},"end":{"line":180,"column":17}},{"start":{"line":180,"column":21},"end":{"line":180,"column":49}}],"line":180},"29":{"loc":{"start":{"line":192,"column":4},"end":{"line":194,"column":5}},"type":"if","locations":[{"start":{"line":192,"column":4},"end":{"line":194,"column":5}},{"start":{},"end":{}}],"line":192},"30":{"loc":{"start":{"line":192,"column":8},"end":{"line":192,"column":49}},"type":"binary-expr","locations":[{"start":{"line":192,"column":8},"end":{"line":192,"column":17}},{"start":{"line":192,"column":21},"end":{"line":192,"column":49}}],"line":192},"31":{"loc":{"start":{"line":197,"column":4},"end":{"line":199,"column":5}},"type":"if","locations":[{"start":{"line":197,"column":4},"end":{"line":199,"column":5}},{"start":{},"end":{}}],"line":197},"32":{"loc":{"start":{"line":209,"column":6},"end":{"line":213,"column":7}},"type":"if","locations":[{"start":{"line":209,"column":6},"end":{"line":213,"column":7}},{"start":{},"end":{}}],"line":209},"33":{"loc":{"start":{"line":263,"column":11},"end":{"line":263,"column":68}},"type":"cond-expr","locations":[{"start":{"line":263,"column":27},"end":{"line":263,"column":46}},{"start":{"line":263,"column":49},"end":{"line":263,"column":68}}],"line":263}},"s":{"0":58,"1":58,"2":164,"3":6,"4":158,"5":158,"6":1,"7":157,"8":1,"9":156,"10":88,"11":2,"12":86,"13":3,"14":83,"15":2,"16":81,"17":81,"18":81,"19":1,"20":80,"21":1,"22":79,"23":1,"24":78,"25":78,"26":1,"27":77,"28":77,"29":77,"30":16,"31":2,"32":14,"33":3,"34":11,"35":11,"36":1,"37":10,"38":10,"39":21,"40":8,"41":12,"42":11,"43":2,"44":9,"45":9,"46":9,"47":1,"48":8,"49":8,"50":8,"51":4,"52":8,"53":3,"54":5,"55":5,"56":5,"57":8,"58":3,"59":5,"60":6,"61":3,"62":3,"63":3,"64":1,"65":2,"66":2,"67":2,"68":2,"69":2,"70":2,"71":2,"72":2,"73":2,"74":2,"75":7,"76":5,"77":1,"78":1,"79":2,"80":2,"81":88,"82":1},"f":{"0":58,"1":164,"2":88,"3":16,"4":21,"5":8,"6":12,"7":11,"8":4,"9":8,"10":8,"11":6,"12":2,"13":2,"14":7,"15":5,"16":1,"17":2,"18":2,"19":88},"b":{"0":[6,158],"1":[164,161],"2":[1,157],"3":[1,156],"4":[2,86],"5":[88,87],"6":[3,83],"7":[86,85],"8":[2,81],"9":[83,82],"10":[1,80],"11":[1,79],"12":[1,78],"13":[1,77],"14":[2,14],"15":[16,14],"16":[3,11],"17":[14,13],"18":[1,10],"19":[2,9],"20":[11,10],"21":[1,8],"22":[9,9],"23":[7,1],"24":[3,5],"25":[8,6],"26":[4,1],"27":[3,5],"28":[8,6],"29":[3,3],"30":[6,4],"31":[1,2],"32":[2,0],"33":[37,51]},"_coverageSchema":"1a1c01bbd47fc00a2c39e90264f33305004495a9","hash":"fa4736ba747bc21b1342756c5fa247384063048c"}
}
