TN:
SF:src\graph\Graph.js
FN:6,(anonymous_0)
FN:16,(anonymous_1)
FN:43,(anonymous_2)
FN:102,(anonymous_3)
FN:118,(anonymous_4)
FN:119,(anonymous_5)
FN:120,(anonymous_6)
FN:132,(anonymous_7)
FN:154,(anonymous_8)
FN:163,(anonymous_9)
FN:179,(anonymous_10)
FN:191,(anonymous_11)
FN:203,(anonymous_12)
FN:211,(anonymous_13)
FN:224,(anonymous_14)
FN:232,(anonymous_15)
FN:239,(anonymous_16)
FN:248,(anonymous_17)
FN:250,(anonymous_18)
FN:262,(anonymous_19)
FNF:20
FNH:20
FNDA:58,(anonymous_0)
FNDA:164,(anonymous_1)
FNDA:88,(anonymous_2)
FNDA:16,(anonymous_3)
FNDA:21,(anonymous_4)
FNDA:8,(anonymous_5)
FNDA:12,(anonymous_6)
FNDA:11,(anonymous_7)
FNDA:4,(anonymous_8)
FNDA:8,(anonymous_9)
FNDA:8,(anonymous_10)
FNDA:6,(anonymous_11)
FNDA:2,(anonymous_12)
FNDA:2,(anonymous_13)
FNDA:7,(anonymous_14)
FNDA:5,(anonymous_15)
FNDA:1,(anonymous_16)
FNDA:2,(anonymous_17)
FNDA:2,(anonymous_18)
FNDA:88,(anonymous_19)
DA:7,58
DA:8,58
DA:17,164
DA:18,6
DA:21,158
DA:22,158
DA:23,1
DA:26,157
DA:27,1
DA:30,156
DA:44,88
DA:45,2
DA:48,86
DA:49,3
DA:52,83
DA:53,2
DA:56,81
DA:57,81
DA:59,81
DA:60,1
DA:63,80
DA:64,1
DA:67,79
DA:68,1
DA:71,78
DA:72,78
DA:73,1
DA:77,77
DA:84,77
DA:89,77
DA:103,16
DA:104,2
DA:107,14
DA:108,3
DA:111,11
DA:112,11
DA:113,1
DA:116,10
DA:117,10
DA:118,21
DA:119,8
DA:120,12
DA:133,11
DA:134,2
DA:137,9
DA:138,9
DA:140,9
DA:141,1
DA:144,8
DA:145,8
DA:147,8
DA:155,4
DA:164,8
DA:165,3
DA:168,5
DA:169,5
DA:171,5
DA:180,8
DA:181,3
DA:183,5
DA:192,6
DA:193,3
DA:196,3
DA:197,3
DA:198,1
DA:202,2
DA:203,2
DA:204,2
DA:205,2
DA:208,2
DA:209,2
DA:210,2
DA:211,2
DA:216,2
DA:217,2
DA:225,7
DA:233,5
DA:240,1
DA:241,1
DA:249,2
DA:250,2
DA:263,88
DA:267,1
LF:83
LH:83
BRDA:17,0,0,6
BRDA:17,0,1,158
BRDA:17,1,0,164
BRDA:17,1,1,161
BRDA:22,2,0,1
BRDA:22,2,1,157
BRDA:26,3,0,1
BRDA:26,3,1,156
BRDA:44,4,0,2
BRDA:44,4,1,86
BRDA:44,5,0,88
BRDA:44,5,1,87
BRDA:48,6,0,3
BRDA:48,6,1,83
BRDA:48,7,0,86
BRDA:48,7,1,85
BRDA:52,8,0,2
BRDA:52,8,1,81
BRDA:52,9,0,83
BRDA:52,9,1,82
BRDA:59,10,0,1
BRDA:59,10,1,80
BRDA:63,11,0,1
BRDA:63,11,1,79
BRDA:67,12,0,1
BRDA:67,12,1,78
BRDA:72,13,0,1
BRDA:72,13,1,77
BRDA:103,14,0,2
BRDA:103,14,1,14
BRDA:103,15,0,16
BRDA:103,15,1,14
BRDA:107,16,0,3
BRDA:107,16,1,11
BRDA:107,17,0,14
BRDA:107,17,1,13
BRDA:112,18,0,1
BRDA:112,18,1,10
BRDA:133,19,0,2
BRDA:133,19,1,9
BRDA:133,20,0,11
BRDA:133,20,1,10
BRDA:140,21,0,1
BRDA:140,21,1,8
BRDA:140,22,0,9
BRDA:140,22,1,9
BRDA:147,23,0,7
BRDA:147,23,1,1
BRDA:164,24,0,3
BRDA:164,24,1,5
BRDA:164,25,0,8
BRDA:164,25,1,6
BRDA:171,26,0,4
BRDA:171,26,1,1
BRDA:180,27,0,3
BRDA:180,27,1,5
BRDA:180,28,0,8
BRDA:180,28,1,6
BRDA:192,29,0,3
BRDA:192,29,1,3
BRDA:192,30,0,6
BRDA:192,30,1,4
BRDA:197,31,0,1
BRDA:197,31,1,2
BRDA:209,32,0,2
BRDA:209,32,1,0
BRDA:263,33,0,37
BRDA:263,33,1,51
BRF:68
BRH:67
end_of_record
